{"timestamp": 1755836285.9407446, "user": "admin", "session_id": "session_123", "event_type": "UPDATE", "query_size_kb": 29}
{"timestamp": 1755836286.2399888, "user": "admin", "session_id": "session_123", "event_type": "DELETE", "query_size_kb": 55}
{"timestamp": 1755836286.5703912, "user": "admin", "session_id": "session_123", "event_type": "LOGIN", "query_size_kb": 10}
{"timestamp": 1755836287.0163167, "user": "admin", "session_id": "session_123", "event_type": "SELECT", "query_size_kb": 7}
{"timestamp": 1755836287.1250129, "user": "admin", "session_id": "session_123", "event_type": "DELETE", "query_size_kb": 10}
{"timestamp": 1755836287.4550123, "user": "admin", "session_id": "session_123", "event_type": "REVOKE_PRIVILEGE", "query_size_kb": 63}
{"timestamp": 1755836287.736547, "user": "admin", "session_id": "session_123", "event_type": "GRANT_PRIVILEGE", "query_size_kb": 70}
{"timestamp": 1755836287.925987, "user": "admin", "session_id": "session_123", "event_type": "UPDATE", "query_size_kb": 42}
{"timestamp": 1755836288.2603467, "user": "admin", "session_id": "session_123", "event_type": "DELETE", "query_size_kb": 17}
{"timestamp": 1755836288.7034793, "user": "admin", "session_id": "session_123", "event_type": "SELECT", "query_size_kb": 53}
{"timestamp": 1755836289.134895, "user": "admin", "session_id": "session_123", "event_type": "BULK_DATA_EXPORT", "query_size_kb": 2342}
{"timestamp": 1755836289.4565775, "user": "admin", "session_id": "session_123", "event_type": "UPDATE", "query_size_kb": 2}
{"timestamp": 1755836289.721853, "user": "admin", "session_id": "session_123", "event_type": "GRANT_PRIVILEGE", "query_size_kb": 54}
{"timestamp": 1755836290.1693943, "user": "admin", "session_id": "session_123", "event_type": "LOGIN", "query_size_kb": 35}
{"timestamp": 1755836290.614115, "user": "admin", "session_id": "session_123", "event_type": "GRANT_PRIVILEGE", "query_size_kb": 32}
{"timestamp": 1755836290.950729, "user": "admin", "session_id": "session_123", "event_type": "REVOKE_PRIVILEGE", "query_size_kb": 46}
{"timestamp": 1755836291.3638382, "user": "admin", "session_id": "session_123", "event_type": "LOGIN", "query_size_kb": 89}
{"timestamp": 1755836291.719431, "user": "admin", "session_id": "session_123", "event_type": "DELETE", "query_size_kb": 10}
{"timestamp": 1755836292.1961932, "user": "admin", "session_id": "session_123", "event_type": "DELETE", "query_size_kb": 47}
{"timestamp": 1755836292.3137834, "user": "admin", "session_id": "session_123", "event_type": "REVOKE_PRIVILEGE", "query_size_kb": 99}
{"timestamp": 1755836292.5305045, "user": "admin", "session_id": "session_123", "event_type": "LOGIN", "query_size_kb": 74}
{"timestamp": 1755836292.7165673, "user": "admin", "session_id": "session_123", "event_type": "LOGIN", "query_size_kb": 1}
{"timestamp": 1755836292.9108913, "user": "admin", "session_id": "session_123", "event_type": "DELETE", "query_size_kb": 75}
{"timestamp": 1755836293.2927756, "user": "admin", "session_id": "session_123", "event_type": "DELETE", "query_size_kb": 61}
{"timestamp": 1755836293.4686263, "user": "admin", "session_id": "session_123", "event_type": "SELECT", "query_size_kb": 100}
{"timestamp": 1755836293.6159499, "user": "admin", "session_id": "session_123", "event_type": "BULK_DATA_EXPORT", "query_size_kb": 2480}
{"timestamp": 1755836294.072949, "user": "admin", "session_id": "session_123", "event_type": "DELETE", "query_size_kb": 71}
{"timestamp": 1755836294.4816942, "user": "admin", "session_id": "session_123", "event_type": "REVOKE_PRIVILEGE", "query_size_kb": 96}
{"timestamp": 1755836294.6268656, "user": "admin", "session_id": "session_123", "event_type": "SELECT", "query_size_kb": 51}
{"timestamp": 1755836295.0410144, "user": "admin", "session_id": "session_123", "event_type": "REVOKE_PRIVILEGE", "query_size_kb": 49}
{"timestamp": 1755836295.4497604, "user": "admin", "session_id": "session_123", "event_type": "DELETE", "query_size_kb": 27}
{"timestamp": 1755836295.5623631, "user": "admin", "session_id": "session_123", "event_type": "DELETE", "query_size_kb": 22}
{"timestamp": 1755836295.8858733, "user": "admin", "session_id": "session_123", "event_type": "SELECT", "query_size_kb": 23}
{"timestamp": 1755836296.2800024, "user": "admin", "session_id": "session_123", "event_type": "UPDATE", "query_size_kb": 27}
{"timestamp": 1755836296.4885724, "user": "admin", "session_id": "session_123", "event_type": "UPDATE", "query_size_kb": 31}
{"timestamp": 1755836296.889156, "user": "admin", "session_id": "session_123", "event_type": "REVOKE_PRIVILEGE", "query_size_kb": 3}
{"timestamp": 1755836297.1183102, "user": "admin", "session_id": "session_123", "event_type": "DELETE", "query_size_kb": 18}
{"timestamp": 1755836297.4175563, "user": "admin", "session_id": "session_123", "event_type": "LOGIN", "query_size_kb": 80}
{"timestamp": 1755836297.7803316, "user": "admin", "session_id": "session_123", "event_type": "LOGIN", "query_size_kb": 68}
{"timestamp": 1755836298.225652, "user": "admin", "session_id": "session_123", "event_type": "REVOKE_PRIVILEGE", "query_size_kb": 50}
{"timestamp": 1755836298.639872, "user": "admin", "session_id": "session_123", "event_type": "UPDATE", "query_size_kb": 66}
{"timestamp": 1755836298.9524014, "user": "admin", "session_id": "session_123", "event_type": "SELECT", "query_size_kb": 76}
{"timestamp": 1755836299.2875967, "user": "admin", "session_id": "session_123", "event_type": "SELECT", "query_size_kb": 67}
{"timestamp": 1755836299.3882992, "user": "admin", "session_id": "session_123", "event_type": "REVOKE_PRIVILEGE", "query_size_kb": 23}
{"timestamp": 1755836299.7023048, "user": "admin", "session_id": "session_123", "event_type": "DELETE", "query_size_kb": 27}
{"timestamp": 1755836299.8616414, "user": "admin", "session_id": "session_123", "event_type": "SELECT", "query_size_kb": 62}
{"timestamp": 1755836300.1430945, "user": "admin", "session_id": "session_123", "event_type": "DELETE", "query_size_kb": 87}
{"timestamp": 1755836300.2717848, "user": "admin", "session_id": "session_123", "event_type": "SELECT", "query_size_kb": 12}
{"timestamp": 1755836300.7136307, "user": "admin", "session_id": "session_123", "event_type": "GRANT_PRIVILEGE", "query_size_kb": 35}
{"timestamp": 1755836300.850405, "user": "admin", "session_id": "session_123", "event_type": "DELETE", "query_size_kb": 58}
